2018-02-15 17:53:30.639+0000 INFO  [o.n.s.CommunityNeoServer]: Setting startup timeout to: 120000ms based on 120000
2018-02-15 17:53:30.788+0000 INFO  [o.n.k.InternalAbstractGraphDatabase]: No locking implementation specified, defaulting to 'community'
2018-02-15 17:53:30.819+0000 INFO  [o.n.k.i.DiagnosticsManager]: --- INITIALIZED diagnostics START ---
2018-02-15 17:53:30.820+0000 INFO  [o.n.k.i.DiagnosticsManager]: Neo4j Kernel properties:
2018-02-15 17:53:30.821+0000 INFO  [o.n.k.i.DiagnosticsManager]: dbms.security.auth_enabled=true
2018-02-15 17:53:30.822+0000 INFO  [o.n.k.i.DiagnosticsManager]: org.neo4j.server.http.log.enabled=false
2018-02-15 17:53:30.822+0000 INFO  [o.n.k.i.DiagnosticsManager]: org.neo4j.server.webadmin.rrdb.location=data/rrd
2018-02-15 17:53:30.822+0000 INFO  [o.n.k.i.DiagnosticsManager]: org.neo4j.server.db.tuning.properties=conf/neo4j.properties
2018-02-15 17:53:30.822+0000 INFO  [o.n.k.i.DiagnosticsManager]: org.neo4j.server.webserver.https.keystore.location=data/keystore
2018-02-15 17:53:30.822+0000 INFO  [o.n.k.i.DiagnosticsManager]: dbms.querylog.filename=data/log/queries.log
2018-02-15 17:53:30.822+0000 INFO  [o.n.k.i.DiagnosticsManager]: org.neo4j.server.webserver.https.key.location=conf/ssl/snakeoil.key
2018-02-15 17:53:30.822+0000 INFO  [o.n.k.i.DiagnosticsManager]: store_dir=/mnt/production/physicianhub/neo4j/data/graph.db
2018-02-15 17:53:30.822+0000 INFO  [o.n.k.i.DiagnosticsManager]: org.neo4j.server.webserver.https.cert.location=conf/ssl/snakeoil.cert
2018-02-15 17:53:30.822+0000 INFO  [o.n.k.i.DiagnosticsManager]: org.neo4j.server.database.location=data/graph.db
2018-02-15 17:53:30.822+0000 INFO  [o.n.k.i.DiagnosticsManager]: remote_shell_enabled=true
2018-02-15 17:53:30.822+0000 INFO  [o.n.k.i.DiagnosticsManager]: org.neo4j.server.webserver.https.port=7473
2018-02-15 17:53:30.822+0000 INFO  [o.n.k.i.DiagnosticsManager]: org.neo4j.server.webserver.port=7474
2018-02-15 17:53:30.822+0000 INFO  [o.n.k.i.DiagnosticsManager]: org.neo4j.server.webserver.https.enabled=true
2018-02-15 17:53:30.822+0000 INFO  [o.n.k.i.DiagnosticsManager]: org.neo4j.server.http.log.config=conf/neo4j-http-logging.xml
2018-02-15 17:53:30.822+0000 INFO  [o.n.k.i.DiagnosticsManager]: Diagnostics providers:
2018-02-15 17:53:30.822+0000 INFO  [o.n.k.i.DiagnosticsManager]: org.neo4j.kernel.configuration.Config
2018-02-15 17:53:30.823+0000 INFO  [o.n.k.i.DiagnosticsManager]: org.neo4j.kernel.info.DiagnosticsManager
2018-02-15 17:53:30.823+0000 INFO  [o.n.k.i.DiagnosticsManager]: SYSTEM_MEMORY
2018-02-15 17:53:30.823+0000 INFO  [o.n.k.i.DiagnosticsManager]: JAVA_MEMORY
2018-02-15 17:53:30.823+0000 INFO  [o.n.k.i.DiagnosticsManager]: OPERATING_SYSTEM
2018-02-15 17:53:30.823+0000 INFO  [o.n.k.i.DiagnosticsManager]: JAVA_VIRTUAL_MACHINE
2018-02-15 17:53:30.823+0000 INFO  [o.n.k.i.DiagnosticsManager]: CLASSPATH
2018-02-15 17:53:30.823+0000 INFO  [o.n.k.i.DiagnosticsManager]: LIBRARY_PATH
2018-02-15 17:53:30.823+0000 INFO  [o.n.k.i.DiagnosticsManager]: SYSTEM_PROPERTIES
2018-02-15 17:53:30.823+0000 INFO  [o.n.k.i.DiagnosticsManager]: LINUX_SCHEDULERS
2018-02-15 17:53:30.823+0000 INFO  [o.n.k.i.DiagnosticsManager]: NETWORK
2018-02-15 17:53:30.823+0000 INFO  [o.n.k.i.DiagnosticsManager]: System memory information:
2018-02-15 17:53:30.824+0000 INFO  [o.n.k.i.DiagnosticsManager]: Total Physical memory: 7.72 GB
2018-02-15 17:53:30.824+0000 INFO  [o.n.k.i.DiagnosticsManager]: Free Physical memory: 809.13 MB
2018-02-15 17:53:30.824+0000 INFO  [o.n.k.i.DiagnosticsManager]: Committed virtual memory: 4.89 GB
2018-02-15 17:53:30.825+0000 INFO  [o.n.k.i.DiagnosticsManager]: Total swap space: 7.92 GB
2018-02-15 17:53:30.825+0000 INFO  [o.n.k.i.DiagnosticsManager]: Free swap space: 7.91 GB
2018-02-15 17:53:30.825+0000 INFO  [o.n.k.i.DiagnosticsManager]: JVM memory information:
2018-02-15 17:53:30.825+0000 INFO  [o.n.k.i.DiagnosticsManager]: Free  memory: 65.56 MB
2018-02-15 17:53:30.825+0000 INFO  [o.n.k.i.DiagnosticsManager]: Total memory: 119.88 MB
2018-02-15 17:53:30.825+0000 INFO  [o.n.k.i.DiagnosticsManager]: Max   memory: 1.87 GB
2018-02-15 17:53:30.826+0000 INFO  [o.n.k.i.DiagnosticsManager]: Garbage Collector: ParNew: [Par Eden Space, Par Survivor Space]
2018-02-15 17:53:30.826+0000 INFO  [o.n.k.i.DiagnosticsManager]: Garbage Collector: ConcurrentMarkSweep: [Par Eden Space, Par Survivor Space, CMS Old Gen]
2018-02-15 17:53:30.827+0000 INFO  [o.n.k.i.DiagnosticsManager]: Memory Pool: Code Cache (Non-heap memory): committed=3.38 MB, used=3.33 MB, max=240.00 MB, threshold=0.00 B
2018-02-15 17:53:30.828+0000 INFO  [o.n.k.i.DiagnosticsManager]: Memory Pool: Metaspace (Non-heap memory): committed=13.00 MB, used=12.67 MB, max=-1.00 B, threshold=0.00 B
2018-02-15 17:53:30.828+0000 INFO  [o.n.k.i.DiagnosticsManager]: Memory Pool: Compressed Class Space (Non-heap memory): committed=1.75 MB, used=1.63 MB, max=1.00 GB, threshold=0.00 B
2018-02-15 17:53:30.828+0000 INFO  [o.n.k.i.DiagnosticsManager]: Memory Pool: Par Eden Space (Heap memory): committed=33.06 MB, used=23.91 MB, max=526.50 MB, threshold=?
2018-02-15 17:53:30.829+0000 INFO  [o.n.k.i.DiagnosticsManager]: Memory Pool: Par Survivor Space (Heap memory): committed=4.13 MB, used=4.13 MB, max=65.75 MB, threshold=?
2018-02-15 17:53:30.829+0000 INFO  [o.n.k.i.DiagnosticsManager]: Memory Pool: CMS Old Gen (Heap memory): committed=82.69 MB, used=26.29 MB, max=1.29 GB, threshold=0.00 B
2018-02-15 17:53:30.829+0000 INFO  [o.n.k.i.DiagnosticsManager]: Operating system information:
2018-02-15 17:53:30.829+0000 INFO  [o.n.k.i.DiagnosticsManager]: Operating System: Linux; version: 4.4.0-112-generic; arch: amd64; cpus: 8
2018-02-15 17:53:30.829+0000 INFO  [o.n.k.i.DiagnosticsManager]: Max number of file descriptors: 1048576
2018-02-15 17:53:30.830+0000 INFO  [o.n.k.i.DiagnosticsManager]: Number of open file descriptors: 86
2018-02-15 17:53:30.830+0000 INFO  [o.n.k.i.DiagnosticsManager]: Process id: 23560@ArulSMV
2018-02-15 17:53:30.830+0000 INFO  [o.n.k.i.DiagnosticsManager]: Byte order: LITTLE_ENDIAN
2018-02-15 17:53:30.830+0000 INFO  [o.n.k.i.DiagnosticsManager]: Local timezone: Asia/Kolkata
2018-02-15 17:53:30.830+0000 INFO  [o.n.k.i.DiagnosticsManager]: JVM information:
2018-02-15 17:53:30.830+0000 INFO  [o.n.k.i.DiagnosticsManager]: VM Name: OpenJDK 64-Bit Server VM
2018-02-15 17:53:30.830+0000 INFO  [o.n.k.i.DiagnosticsManager]: VM Vendor: Oracle Corporation
2018-02-15 17:53:30.830+0000 INFO  [o.n.k.i.DiagnosticsManager]: VM Version: 25.151-b12
2018-02-15 17:53:30.830+0000 INFO  [o.n.k.i.DiagnosticsManager]: JIT compiler: HotSpot 64-Bit Tiered Compilers
2018-02-15 17:53:30.830+0000 INFO  [o.n.k.i.DiagnosticsManager]: VM Arguments: [-XX:+DisableExplicitGC, -Dorg.neo4j.server.properties=conf/neo4j-server.properties, -Djava.util.logging.config.file=conf/logging.properties, -XX:+UseConcMarkSweepGC, -XX:+CMSClassUnloadingEnabled, -XX:-OmitStackTraceInFastThrow, -XX:hashCode=5, -Dneo4j.ext.udc.source=tarball, -Dneo4j.home=/mnt/production/physicianhub/neo4j, -Dneo4j.instance=/mnt/production/physicianhub/neo4j, -Dfile.encoding=UTF-8]
2018-02-15 17:53:30.830+0000 INFO  [o.n.k.i.DiagnosticsManager]: Java classpath:
2018-02-15 17:53:30.831+0000 INFO  [o.n.k.i.DiagnosticsManager]:  [bootstrap] /usr/lib/jvm/java-8-openjdk-amd64/jre/lib/jce.jar
2018-02-15 17:53:30.831+0000 INFO  [o.n.k.i.DiagnosticsManager]:  [classpath + loader.0] file:/mnt/production/physicianhub/neo4j/system/lib/jersey-multipart-1.19.jar
2018-02-15 17:53:30.832+0000 INFO  [o.n.k.i.DiagnosticsManager]:  [classpath + loader.0] file:/mnt/production/physicianhub/neo4j/lib/lucene-core-3.6.2.jar
2018-02-15 17:53:30.832+0000 INFO  [o.n.k.i.DiagnosticsManager]:  [classpath + loader.0] file:/mnt/production/physicianhub/neo4j/lib/server-api-2.2.3.jar
2018-02-15 17:53:30.832+0000 INFO  [o.n.k.i.DiagnosticsManager]:  [classpath + loader.0] file:/mnt/production/physicianhub/neo4j/lib/scala-library-2.10.5.jar
2018-02-15 17:53:30.832+0000 INFO  [o.n.k.i.DiagnosticsManager]:  [classpath + loader.0] file:/mnt/production/physicianhub/neo4j/system/lib/jetty-server-9.2.4.v20141103.jar
2018-02-15 17:53:30.832+0000 INFO  [o.n.k.i.DiagnosticsManager]:  [classpath + loader.0] file:/mnt/production/physicianhub/neo4j/system/lib/jackson-mapper-asl-1.9.13.jar
2018-02-15 17:53:30.832+0000 INFO  [o.n.k.i.DiagnosticsManager]:  [classpath + loader.0] file:/mnt/production/physicianhub/neo4j/system/lib/neo4j-browser-2.2.3.jar
2018-02-15 17:53:30.832+0000 INFO  [o.n.k.i.DiagnosticsManager]:  [classpath + loader.0] file:/mnt/production/physicianhub/neo4j/lib/neo4j-cypher-compiler-1.9-2.0.4.jar
2018-02-15 17:53:30.832+0000 INFO  [o.n.k.i.DiagnosticsManager]:  [loader.1] file:/usr/lib/jvm/java-8-openjdk-amd64/jre/lib/ext/nashorn.jar
2018-02-15 17:53:30.832+0000 INFO  [o.n.k.i.DiagnosticsManager]:  [classpath + loader.0] file:/mnt/production/physicianhub/neo4j/system/lib/commons-lang-2.6.jar
2018-02-15 17:53:30.832+0000 INFO  [o.n.k.i.DiagnosticsManager]:  [loader.1] file:/usr/lib/jvm/java-8-openjdk-amd64/jre/lib/ext/icedtea-sound.jar
2018-02-15 17:53:30.832+0000 INFO  [o.n.k.i.DiagnosticsManager]:  [classpath + loader.0] file:/mnt/production/physicianhub/neo4j/system/lib/scala-reflect-2.10.5.jar
2018-02-15 17:53:30.832+0000 INFO  [o.n.k.i.DiagnosticsManager]:  [classpath + loader.0] file:/mnt/production/physicianhub/neo4j/system/lib/javax.servlet-api-3.1.0.jar
2018-02-15 17:53:30.832+0000 INFO  [o.n.k.i.DiagnosticsManager]:  [classpath + loader.0] file:/mnt/production/physicianhub/neo4j/system/lib/commons-configuration-1.10.jar
2018-02-15 17:53:30.832+0000 INFO  [o.n.k.i.DiagnosticsManager]:  [classpath + loader.0] file:/mnt/production/physicianhub/neo4j/lib/neo4j-udc-2.2.3.jar
2018-02-15 17:53:30.832+0000 INFO  [o.n.k.i.DiagnosticsManager]:  [loader.1] file:/usr/lib/jvm/java-8-openjdk-amd64/jre/lib/ext/sunjce_provider.jar
2018-02-15 17:53:30.832+0000 INFO  [o.n.k.i.DiagnosticsManager]:  [classpath + loader.0] file:/mnt/production/physicianhub/neo4j/system/lib/logback-classic-1.1.2.jar
2018-02-15 17:53:30.832+0000 INFO  [o.n.k.i.DiagnosticsManager]:  [classpath + loader.0] file:/mnt/production/physicianhub/neo4j/system/lib/commons-logging-1.1.1.jar
2018-02-15 17:53:30.832+0000 INFO  [o.n.k.i.DiagnosticsManager]:  [bootstrap] /usr/lib/jvm/java-8-openjdk-amd64/jre/lib/sunrsasign.jar
2018-02-15 17:53:30.832+0000 INFO  [o.n.k.i.DiagnosticsManager]:  [classpath + loader.0] file:/mnt/production/physicianhub/neo4j/lib/opencsv-2.3.jar
2018-02-15 17:53:30.832+0000 INFO  [o.n.k.i.DiagnosticsManager]:  [classpath + loader.0] file:/mnt/production/physicianhub/neo4j/system/lib/jetty-http-9.2.4.v20141103.jar
2018-02-15 17:53:30.832+0000 INFO  [o.n.k.i.DiagnosticsManager]:  [classpath + loader.0] file:/mnt/production/physicianhub/neo4j/system/lib/janino-2.6.1.jar
2018-02-15 17:53:30.832+0000 INFO  [o.n.k.i.DiagnosticsManager]:  [classpath + loader.0] file:/mnt/production/physicianhub/neo4j/system/lib/jetty-security-9.2.4.v20141103.jar
2018-02-15 17:53:30.832+0000 INFO  [o.n.k.i.DiagnosticsManager]:  [classpath + loader.0] file:/mnt/production/physicianhub/neo4j/system/lib/commons-beanutils-1.8.3.jar
2018-02-15 17:53:30.832+0000 INFO  [o.n.k.i.DiagnosticsManager]:  [classpath + loader.0] file:/mnt/production/physicianhub/neo4j/lib/concurrentlinkedhashmap-lru-1.4.jar
2018-02-15 17:53:30.832+0000 INFO  [o.n.k.i.DiagnosticsManager]:  [classpath + loader.0] file:/mnt/production/physicianhub/neo4j/lib/neo4j-csv-2.2.3.jar
2018-02-15 17:53:30.832+0000 INFO  [o.n.k.i.DiagnosticsManager]:  [classpath + loader.0] file:/mnt/production/physicianhub/neo4j/system/lib/commons-io-2.4.jar
2018-02-15 17:53:30.832+0000 INFO  [o.n.k.i.DiagnosticsManager]:  [classpath + loader.0] file:/mnt/production/physicianhub/neo4j/lib/neo4j-primitive-collections-2.2.3.jar
2018-02-15 17:53:30.832+0000 INFO  [o.n.k.i.DiagnosticsManager]:  [classpath + loader.0] file:/mnt/production/physicianhub/neo4j/lib/neo4j-graph-algo-2.2.3.jar
2018-02-15 17:53:30.832+0000 INFO  [o.n.k.i.DiagnosticsManager]:  [classpath + loader.0] file:/mnt/production/physicianhub/neo4j/lib/neo4j-lucene-index-2.2.3.jar
2018-02-15 17:53:30.832+0000 INFO  [o.n.k.i.DiagnosticsManager]:  [classpath + loader.0] file:/mnt/production/physicianhub/neo4j/system/lib/jersey-server-1.19.jar
2018-02-15 17:53:30.832+0000 INFO  [o.n.k.i.DiagnosticsManager]:  [bootstrap] /usr/lib/jvm/java-8-openjdk-amd64/jre/lib/jsse.jar
2018-02-15 17:53:30.832+0000 INFO  [o.n.k.i.DiagnosticsManager]:  [classpath + loader.0] file:/mnt/production/physicianhub/neo4j/system/lib/jackson-jaxrs-1.9.13.jar
2018-02-15 17:53:30.832+0000 INFO  [o.n.k.i.DiagnosticsManager]:  [classpath + loader.0] file:/mnt/production/physicianhub/neo4j/system/lib/jetty-io-9.2.4.v20141103.jar
2018-02-15 17:53:30.832+0000 INFO  [o.n.k.i.DiagnosticsManager]:  [loader.1] file:/usr/lib/jvm/java-8-openjdk-amd64/jre/lib/ext/localedata.jar
2018-02-15 17:53:30.832+0000 INFO  [o.n.k.i.DiagnosticsManager]:  [loader.1] file:/usr/lib/jvm/java-8-openjdk-amd64/jre/lib/ext/jaccess.jar
2018-02-15 17:53:30.832+0000 INFO  [o.n.k.i.DiagnosticsManager]:  [classpath + loader.0] file:/mnt/production/physicianhub/neo4j/system/lib/logback-access-1.1.2.jar
2018-02-15 17:53:30.832+0000 INFO  [o.n.k.i.DiagnosticsManager]:  [classpath + loader.0] file:/mnt/production/physicianhub/neo4j/system/lib/jersey-servlet-1.19.jar
2018-02-15 17:53:30.832+0000 INFO  [o.n.k.i.DiagnosticsManager]:  [loader.1] file:/usr/lib/jvm/java-8-openjdk-amd64/jre/lib/ext/sunpkcs11.jar
2018-02-15 17:53:30.832+0000 INFO  [o.n.k.i.DiagnosticsManager]:  [loader.1] file:/usr/lib/jvm/java-8-openjdk-amd64/jre/lib/ext/sunec.jar
2018-02-15 17:53:30.832+0000 INFO  [o.n.k.i.DiagnosticsManager]:  [bootstrap] /usr/lib/jvm/java-8-openjdk-amd64/jre/lib/jfr.jar
2018-02-15 17:53:30.832+0000 INFO  [o.n.k.i.DiagnosticsManager]:  [loader.1] file:/usr/lib/jvm/java-8-openjdk-amd64/jre/lib/ext/cldrdata.jar
2018-02-15 17:53:30.832+0000 INFO  [o.n.k.i.DiagnosticsManager]:  [bootstrap] /usr/lib/jvm/java-8-openjdk-amd64/jre/classes
2018-02-15 17:53:30.832+0000 INFO  [o.n.k.i.DiagnosticsManager]:  [classpath + loader.0] file:/mnt/production/physicianhub/neo4j/lib/neo4j-unsafe-2.2.3.jar
2018-02-15 17:53:30.832+0000 INFO  [o.n.k.i.DiagnosticsManager]:  [classpath + loader.0] file:/mnt/production/physicianhub/neo4j/lib/parboiled-scala_2.10-1.1.7.jar
2018-02-15 17:53:30.833+0000 INFO  [o.n.k.i.DiagnosticsManager]:  [classpath + loader.0] file:/mnt/production/physicianhub/neo4j/lib/neo4j-cypher-compiler-2.1-2.1.8.jar
2018-02-15 17:53:30.833+0000 INFO  [o.n.k.i.DiagnosticsManager]:  [classpath + loader.0] file:/mnt/production/physicianhub/neo4j/system/lib/commons-digester-2.1.jar
2018-02-15 17:53:30.833+0000 INFO  [o.n.k.i.DiagnosticsManager]:  [classpath + loader.0] file:/mnt/production/physicianhub/neo4j/system/lib/commons-compiler-2.6.1.jar
2018-02-15 17:53:30.833+0000 INFO  [o.n.k.i.DiagnosticsManager]:  [classpath + loader.0] file:/mnt/production/physicianhub/neo4j/lib/neo4j-cypher-compiler-2.2-2.2.3.jar
2018-02-15 17:53:30.833+0000 INFO  [o.n.k.i.DiagnosticsManager]:  [classpath + loader.0] file:/mnt/production/physicianhub/neo4j/system/lib/jetty-webapp-9.2.4.v20141103.jar
2018-02-15 17:53:30.833+0000 INFO  [o.n.k.i.DiagnosticsManager]:  [loader.1] file:/usr/lib/jvm/java-8-openjdk-amd64/jre/lib/ext/zipfs.jar
2018-02-15 17:53:30.833+0000 INFO  [o.n.k.i.DiagnosticsManager]:  [classpath + loader.0] file:/mnt/production/physicianhub/neo4j/system/lib/neo4j-server-2.2.3.jar
2018-02-15 17:53:30.833+0000 INFO  [o.n.k.i.DiagnosticsManager]:  [classpath + loader.0] file:/mnt/production/physicianhub/neo4j/lib/neo4j-io-2.2.3.jar
2018-02-15 17:53:30.833+0000 INFO  [o.n.k.i.DiagnosticsManager]:  [classpath + loader.0] file:/mnt/production/physicianhub/neo4j/system/lib/rrd4j-2.2.jar
2018-02-15 17:53:30.833+0000 INFO  [o.n.k.i.DiagnosticsManager]:  [classpath + loader.0] file:/mnt/production/physicianhub/neo4j/system/lib/slf4j-api-1.7.7.jar
2018-02-15 17:53:30.833+0000 INFO  [o.n.k.i.DiagnosticsManager]:  [bootstrap] /usr/lib/jvm/java-8-openjdk-amd64/jre/lib/resources.jar
2018-02-15 17:53:30.833+0000 INFO  [o.n.k.i.DiagnosticsManager]:  [classpath + loader.0] file:/mnt/production/physicianhub/neo4j/lib/neo4j-jmx-2.2.3.jar
2018-02-15 17:53:30.833+0000 INFO  [o.n.k.i.DiagnosticsManager]:  [classpath + loader.0] file:/mnt/production/physicianhub/neo4j/lib/neo4j-shell-2.2.3.jar
2018-02-15 17:53:30.833+0000 INFO  [o.n.k.i.DiagnosticsManager]:  [classpath + loader.0] file:/mnt/production/physicianhub/neo4j/lib/org.apache.servicemix.bundles.jline-0.9.94_1.jar
2018-02-15 17:53:30.833+0000 INFO  [o.n.k.i.DiagnosticsManager]:  [classpath + loader.0] file:/mnt/production/physicianhub/neo4j/lib/neo4j-cypher-compiler-2.0-2.0.4.jar
2018-02-15 17:53:30.833+0000 INFO  [o.n.k.i.DiagnosticsManager]:  [classpath + loader.0] file:/mnt/production/physicianhub/neo4j/lib/neo4j-consistency-check-2.2.3.jar
2018-02-15 17:53:30.833+0000 INFO  [o.n.k.i.DiagnosticsManager]:  [classpath + loader.0] file:/mnt/production/physicianhub/neo4j/system/lib/jersey-core-1.19.jar
2018-02-15 17:53:30.833+0000 INFO  [o.n.k.i.DiagnosticsManager]:  [classpath + loader.0] file:/mnt/production/physicianhub/neo4j/system/lib/rhino-1.7R4.jar
2018-02-15 17:53:30.833+0000 INFO  [o.n.k.i.DiagnosticsManager]:  [classpath + loader.0] file:/mnt/production/physicianhub/neo4j/system/lib/jackson-core-asl-1.9.13.jar
2018-02-15 17:53:30.833+0000 INFO  [o.n.k.i.DiagnosticsManager]:  [classpath + loader.0] file:/mnt/production/physicianhub/neo4j/system/lib/jsr311-api-1.1.2.r612.jar
2018-02-15 17:53:30.833+0000 INFO  [o.n.k.i.DiagnosticsManager]:  [classpath + loader.0] file:/mnt/production/physicianhub/neo4j/system/lib/logback-core-1.1.2.jar
2018-02-15 17:53:30.833+0000 INFO  [o.n.k.i.DiagnosticsManager]:  [classpath + loader.0] file:/mnt/production/physicianhub/neo4j/conf/
2018-02-15 17:53:30.833+0000 INFO  [o.n.k.i.DiagnosticsManager]:  [classpath + loader.0] file:/mnt/production/physicianhub/neo4j/lib/neo4j-cypher-2.2.3.jar
2018-02-15 17:53:30.833+0000 INFO  [o.n.k.i.DiagnosticsManager]:  [loader.1] file:/usr/lib/jvm/java-8-openjdk-amd64/jre/lib/ext/dnsns.jar
2018-02-15 17:53:30.833+0000 INFO  [o.n.k.i.DiagnosticsManager]:  [classpath + loader.0] file:/mnt/production/physicianhub/neo4j/lib/neo4j-kernel-2.2.3.jar
2018-02-15 17:53:30.833+0000 INFO  [o.n.k.i.DiagnosticsManager]:  [classpath + loader.0] file:/mnt/production/physicianhub/neo4j/system/lib/jcl-over-slf4j-1.7.7.jar
2018-02-15 17:53:30.833+0000 INFO  [o.n.k.i.DiagnosticsManager]:  [classpath + loader.0] file:/mnt/production/physicianhub/neo4j/lib/neo4j-import-tool-2.2.3.jar
2018-02-15 17:53:30.833+0000 INFO  [o.n.k.i.DiagnosticsManager]:  [classpath + loader.0] file:/mnt/production/physicianhub/neo4j/system/lib/jetty-util-9.2.4.v20141103.jar
2018-02-15 17:53:30.833+0000 INFO  [o.n.k.i.DiagnosticsManager]:  [classpath + loader.0] file:/mnt/production/physicianhub/neo4j/system/lib/bcprov-jdk16-140.jar
2018-02-15 17:53:30.833+0000 INFO  [o.n.k.i.DiagnosticsManager]:  [bootstrap] /usr/lib/jvm/java-8-openjdk-amd64/jre/lib/charsets.jar
2018-02-15 17:53:30.833+0000 INFO  [o.n.k.i.DiagnosticsManager]:  [classpath + loader.0] file:/mnt/production/physicianhub/neo4j/system/lib/mimepull-1.9.3.jar
2018-02-15 17:53:30.833+0000 INFO  [o.n.k.i.DiagnosticsManager]:  [classpath + loader.0] file:/mnt/production/physicianhub/neo4j/lib/parboiled-core-1.1.7.jar
2018-02-15 17:53:30.833+0000 INFO  [o.n.k.i.DiagnosticsManager]:  [classpath + loader.0] file:/mnt/production/physicianhub/neo4j/lib/neo4j-graph-matching-2.2.3.jar
2018-02-15 17:53:30.833+0000 INFO  [o.n.k.i.DiagnosticsManager]:  [classpath + loader.0] file:/mnt/production/physicianhub/neo4j/system/lib/jetty-servlet-9.2.4.v20141103.jar
2018-02-15 17:53:30.833+0000 INFO  [o.n.k.i.DiagnosticsManager]:  [classpath + loader.0] file:/mnt/production/physicianhub/neo4j/system/lib/jetty-xml-9.2.4.v20141103.jar
2018-02-15 17:53:30.833+0000 INFO  [o.n.k.i.DiagnosticsManager]:  [bootstrap] /usr/lib/jvm/java-8-openjdk-amd64/jre/lib/rt.jar
2018-02-15 17:53:30.833+0000 INFO  [o.n.k.i.DiagnosticsManager]:  [classpath + loader.0] file:/mnt/production/physicianhub/neo4j/system/lib/neo4j-server-2.2.3-static-web.jar
2018-02-15 17:53:30.833+0000 INFO  [o.n.k.i.DiagnosticsManager]: Library path:
2018-02-15 17:53:30.833+0000 INFO  [o.n.k.i.DiagnosticsManager]: /usr/java/packages/lib/amd64
2018-02-15 17:53:30.833+0000 INFO  [o.n.k.i.DiagnosticsManager]: /usr/lib/x86_64-linux-gnu/jni
2018-02-15 17:53:30.834+0000 INFO  [o.n.k.i.DiagnosticsManager]: /lib/x86_64-linux-gnu
2018-02-15 17:53:30.834+0000 INFO  [o.n.k.i.DiagnosticsManager]: /usr/lib/x86_64-linux-gnu
2018-02-15 17:53:30.834+0000 INFO  [o.n.k.i.DiagnosticsManager]: /usr/lib/jni
2018-02-15 17:53:30.834+0000 INFO  [o.n.k.i.DiagnosticsManager]: /lib
2018-02-15 17:53:30.834+0000 INFO  [o.n.k.i.DiagnosticsManager]: /usr/lib
2018-02-15 17:53:30.834+0000 INFO  [o.n.k.i.DiagnosticsManager]: System.properties:
2018-02-15 17:53:30.834+0000 INFO  [o.n.k.i.DiagnosticsManager]: sun.boot.library.path = /usr/lib/jvm/java-8-openjdk-amd64/jre/lib/amd64
2018-02-15 17:53:30.834+0000 INFO  [o.n.k.i.DiagnosticsManager]: org.neo4j.server.properties = conf/neo4j-server.properties
2018-02-15 17:53:30.834+0000 INFO  [o.n.k.i.DiagnosticsManager]: path.separator = :
2018-02-15 17:53:30.834+0000 INFO  [o.n.k.i.DiagnosticsManager]: file.encoding.pkg = sun.io
2018-02-15 17:53:30.834+0000 INFO  [o.n.k.i.DiagnosticsManager]: user.country = IN
2018-02-15 17:53:30.834+0000 INFO  [o.n.k.i.DiagnosticsManager]: sun.java.launcher = SUN_STANDARD
2018-02-15 17:53:30.834+0000 INFO  [o.n.k.i.DiagnosticsManager]: sun.os.patch.level = unknown
2018-02-15 17:53:30.834+0000 INFO  [o.n.k.i.DiagnosticsManager]: user.dir = /mnt/production/physicianhub/neo4j
2018-02-15 17:53:30.834+0000 INFO  [o.n.k.i.DiagnosticsManager]: neo4j.ext.udc.source = tarball
2018-02-15 17:53:30.834+0000 INFO  [o.n.k.i.DiagnosticsManager]: sun.jnu.encoding = UTF-8
2018-02-15 17:53:30.834+0000 INFO  [o.n.k.i.DiagnosticsManager]: sun.management.compiler = HotSpot 64-Bit Tiered Compilers
2018-02-15 17:53:30.834+0000 INFO  [o.n.k.i.DiagnosticsManager]: user.home = /home/arulsmv
2018-02-15 17:53:30.834+0000 INFO  [o.n.k.i.DiagnosticsManager]: user.timezone = Asia/Kolkata
2018-02-15 17:53:30.834+0000 INFO  [o.n.k.i.DiagnosticsManager]: file.encoding = UTF-8
2018-02-15 17:53:30.834+0000 INFO  [o.n.k.i.DiagnosticsManager]: user.name = arulsmv
2018-02-15 17:53:30.834+0000 INFO  [o.n.k.i.DiagnosticsManager]: sun.java.command = org.neo4j.server.Bootstrapper
2018-02-15 17:53:30.834+0000 INFO  [o.n.k.i.DiagnosticsManager]: sun.arch.data.model = 64
2018-02-15 17:53:30.834+0000 INFO  [o.n.k.i.DiagnosticsManager]: user.language = en
2018-02-15 17:53:30.834+0000 INFO  [o.n.k.i.DiagnosticsManager]: awt.toolkit = sun.awt.X11.XToolkit
2018-02-15 17:53:30.834+0000 INFO  [o.n.k.i.DiagnosticsManager]: file.separator = /
2018-02-15 17:53:30.834+0000 INFO  [o.n.k.i.DiagnosticsManager]: sun.io.unicode.encoding = UnicodeLittle
2018-02-15 17:53:30.834+0000 INFO  [o.n.k.i.DiagnosticsManager]: sun.cpu.endian = little
2018-02-15 17:53:30.834+0000 INFO  [o.n.k.i.DiagnosticsManager]: neo4j.instance = /mnt/production/physicianhub/neo4j
2018-02-15 17:53:30.834+0000 INFO  [o.n.k.i.DiagnosticsManager]: sun.desktop = gnome
2018-02-15 17:53:30.834+0000 INFO  [o.n.k.i.DiagnosticsManager]: neo4j.home = /mnt/production/physicianhub/neo4j
2018-02-15 17:53:30.834+0000 INFO  [o.n.k.i.DiagnosticsManager]: sun.cpu.isalist = 
2018-02-15 17:53:30.834+0000 INFO  [o.n.k.i.DiagnosticsManager]: Linux scheduler information:
2018-02-15 17:53:30.835+0000 INFO  [o.n.k.i.DiagnosticsManager]: noop [deadline] cfq 
2018-02-15 17:53:30.835+0000 INFO  [o.n.k.i.DiagnosticsManager]: noop [deadline] cfq 
2018-02-15 17:53:30.835+0000 INFO  [o.n.k.i.DiagnosticsManager]: none
2018-02-15 17:53:30.835+0000 INFO  [o.n.k.i.DiagnosticsManager]: none
2018-02-15 17:53:30.835+0000 INFO  [o.n.k.i.DiagnosticsManager]: none
2018-02-15 17:53:30.836+0000 INFO  [o.n.k.i.DiagnosticsManager]: none
2018-02-15 17:53:30.836+0000 INFO  [o.n.k.i.DiagnosticsManager]: none
2018-02-15 17:53:30.836+0000 INFO  [o.n.k.i.DiagnosticsManager]: none
2018-02-15 17:53:30.836+0000 INFO  [o.n.k.i.DiagnosticsManager]: none
2018-02-15 17:53:30.836+0000 INFO  [o.n.k.i.DiagnosticsManager]: none
2018-02-15 17:53:30.836+0000 INFO  [o.n.k.i.DiagnosticsManager]: Network information:
2018-02-15 17:53:30.837+0000 INFO  [o.n.k.i.DiagnosticsManager]: Interface wlp5s0:
2018-02-15 17:53:30.837+0000 INFO  [o.n.k.i.DiagnosticsManager]:     address: fe80:0:0:0:4213:131a:c11c:d003%wlp5s0
2018-02-15 17:53:30.837+0000 INFO  [o.n.k.i.DiagnosticsManager]:     address: 192.168.43.220
2018-02-15 17:53:30.837+0000 INFO  [o.n.k.i.DiagnosticsManager]: Interface lo:
2018-02-15 17:53:30.837+0000 INFO  [o.n.k.i.DiagnosticsManager]:     address: 0:0:0:0:0:0:0:1%lo
2018-02-15 17:53:30.837+0000 INFO  [o.n.k.i.DiagnosticsManager]:     address: 127.0.0.1
2018-02-15 17:53:30.837+0000 INFO  [o.n.k.i.DiagnosticsManager]: --- INITIALIZED diagnostics END ---
2018-02-15 17:53:30.914+0000 INFO  [o.n.k.i.s.StoreFactory]: Creating new db @ /mnt/production/physicianhub/neo4j/data/graph.db/neostore
2018-02-15 17:53:33.123+0000 INFO  [o.n.k.a.i.i.LuceneLabelScanStore]: No lucene scan store index found, this might just be first use. Preparing to rebuild.
2018-02-15 17:53:33.136+0000 INFO  [o.n.k.a.i.i.LuceneLabelScanStore]: No lucene scan store index found, this might just be first use. Preparing to rebuild.
2018-02-15 17:53:33.177+0000 INFO  [o.n.k.NeoStoreDataSource]: Opened logical log [/mnt/production/physicianhub/neo4j/data/graph.db/neostore.transaction.db.0] version=0, lastTxId=1 (clean)
2018-02-15 17:53:33.180+0000 WARN  [o.n.k.i.s.StoreFactory]: Missing counts store, rebuilding it.
2018-02-15 17:53:33.238+0000 INFO  [o.n.k.a.i.i.LuceneLabelScanStore]: Rebuilding lucene scan store, this may take a while
2018-02-15 17:53:33.239+0000 INFO  [o.n.k.a.i.i.LuceneLabelScanStore]: Lucene scan store rebuilt (roughly -1 nodes)
2018-02-15 17:53:33.242+0000 INFO  [o.n.k.KernelHealth]: Kernel health set to OK
2018-02-15 17:53:33.547+0000 INFO  [o.n.k.i.DiagnosticsManager]: --- STARTED diagnostics for KernelDiagnostics:Versions START ---
2018-02-15 17:53:33.548+0000 INFO  [o.n.k.i.DiagnosticsManager]: Graph Database: org.neo4j.kernel.EmbeddedGraphDatabase StoreId{creationTime=1518717210914, randomId=1448404782563191649, storeVersion=14969031248344582, upgradeTime=1518717210914, upgradeId=1}
2018-02-15 17:53:33.548+0000 INFO  [o.n.k.i.DiagnosticsManager]: Kernel version: Neo4j - Graph Database Kernel (neo4j-kernel), version: 2.2.3
2018-02-15 17:53:33.548+0000 INFO  [o.n.k.i.DiagnosticsManager]: Neo4j component versions:
2018-02-15 17:53:33.551+0000 INFO  [o.n.k.i.DiagnosticsManager]:   Neo4j - Cypher Compiler 1.9 (neo4j-cypher-compiler-1.9), version: 2.0.4; revision: 2.0.4:2.0-maint:130/4a7d10bc274a5d26a180bbe9df25100e8a694748
2018-02-15 17:53:33.551+0000 INFO  [o.n.k.i.DiagnosticsManager]:   Neo4j - Consistency Checker (neo4j-consistency-check), version: 2.2.3; revision: 2.2.3:2.2:48/2b261bd9bb532f283b2caed9b2d9eb4992e677b4-dirty
2018-02-15 17:53:33.551+0000 INFO  [o.n.k.i.DiagnosticsManager]:   Neo4j - Cypher Compiler 2.2 (neo4j-cypher-compiler-2.2), version: 2.2.3; revision: 2.2.3:2.2:48/2b261bd9bb532f283b2caed9b2d9eb4992e677b4-dirty
2018-02-15 17:53:33.551+0000 INFO  [o.n.k.i.DiagnosticsManager]:   Neo4j - Import Command Line Tool (neo4j-import-tool), version: 2.2.3; revision: 2.2.3:2.2:48/2b261bd9bb532f283b2caed9b2d9eb4992e677b4-dirty
2018-02-15 17:53:33.551+0000 INFO  [o.n.k.i.DiagnosticsManager]:   Neo4j - Server API (server-api), version: 2.2.3; revision: 2.2.3:2.2:48/2b261bd9bb532f283b2caed9b2d9eb4992e677b4-dirty
2018-02-15 17:53:33.551+0000 INFO  [o.n.k.i.DiagnosticsManager]:   Neo4j - Graph Database Kernel (neo4j-kernel), version: 2.2.3; revision: 2.2.3:2.2:48/2b261bd9bb532f283b2caed9b2d9eb4992e677b4-dirty
2018-02-15 17:53:33.551+0000 INFO  [o.n.k.i.DiagnosticsManager]:   Neo4j - Cypher Compiler 2.1 (neo4j-cypher-compiler-2.1), version: 2.1.8; revision: 2.1.8:2.1-maint:687/5c83ce3a5ddf33259593f719153ce71a6fe89fc7
2018-02-15 17:53:33.551+0000 INFO  [o.n.k.i.DiagnosticsManager]:   Neo4j - Generic shell (neo4j-shell), version: 2.2.3; revision: 2.2.3:2.2:48/2b261bd9bb532f283b2caed9b2d9eb4992e677b4-dirty
2018-02-15 17:53:33.551+0000 INFO  [o.n.k.i.DiagnosticsManager]:   neo4j-udc, version: 2.2.3; revision: 2.2.3:2.2:48/2b261bd9bb532f283b2caed9b2d9eb4992e677b4-dirty
2018-02-15 17:53:33.551+0000 INFO  [o.n.k.i.DiagnosticsManager]:   Neo4j - Lucene Index (neo4j-lucene-index), version: 2.2.3; revision: 2.2.3:2.2:48/2b261bd9bb532f283b2caed9b2d9eb4992e677b4-dirty
2018-02-15 17:53:33.551+0000 INFO  [o.n.k.i.DiagnosticsManager]:   Neo4j - Server (neo4j-server), version: 2.2.3; revision: 2.2.3:2.2:48/2b261bd9bb532f283b2caed9b2d9eb4992e677b4-dirty
2018-02-15 17:53:33.551+0000 INFO  [o.n.k.i.DiagnosticsManager]:   Neo4j - Cypher Compiler 2.0 (neo4j-cypher-compiler-2.0), version: 2.0.4; revision: 2.0.4:2.0-maint:130/4a7d10bc274a5d26a180bbe9df25100e8a694748
2018-02-15 17:53:33.551+0000 INFO  [o.n.k.i.DiagnosticsManager]:   Neo4j - Graph Matching (neo4j-graph-matching), version: 2.2.3; revision: 2.2.3:2.2:48/2b261bd9bb532f283b2caed9b2d9eb4992e677b4-dirty
2018-02-15 17:53:33.551+0000 INFO  [o.n.k.i.DiagnosticsManager]:   Neo4j - JMX support (neo4j-jmx), version: 2.2.3; revision: 2.2.3:2.2:48/2b261bd9bb532f283b2caed9b2d9eb4992e677b4-dirty
2018-02-15 17:53:33.551+0000 INFO  [o.n.k.i.DiagnosticsManager]:   Neo4j - Cypher (neo4j-cypher), version: 2.2.3; revision: 2.2.3:2.2:48/2b261bd9bb532f283b2caed9b2d9eb4992e677b4-dirty
2018-02-15 17:53:33.551+0000 INFO  [o.n.k.i.DiagnosticsManager]:   Neo4j - Graph Algorithms (neo4j-graph-algo), version: 2.2.3; revision: 2.2.3:2.2:48/2b261bd9bb532f283b2caed9b2d9eb4992e677b4-dirty
2018-02-15 17:53:33.551+0000 INFO  [o.n.k.i.DiagnosticsManager]: --- STARTED diagnostics for KernelDiagnostics:Versions END ---
2018-02-15 17:53:33.552+0000 INFO  [o.n.k.i.DiagnosticsManager]: --- STARTED diagnostics for NEO_STORE_VERSIONS START ---
2018-02-15 17:53:33.552+0000 INFO  [o.n.k.i.DiagnosticsManager]: Store versions:
2018-02-15 17:53:33.553+0000 INFO  [o.n.k.i.DiagnosticsManager]: Store versions:
2018-02-15 17:53:33.553+0000 INFO  [o.n.k.i.DiagnosticsManager]:   NeoStore v0.A.5
2018-02-15 17:53:33.553+0000 INFO  [o.n.k.i.DiagnosticsManager]:   SchemaStore v0.A.5
2018-02-15 17:53:33.553+0000 INFO  [o.n.k.i.DiagnosticsManager]:   NodeStore v0.A.5
2018-02-15 17:53:33.553+0000 INFO  [o.n.k.i.DiagnosticsManager]:   RelationshipStore v0.A.5
2018-02-15 17:53:33.553+0000 INFO  [o.n.k.i.DiagnosticsManager]:   RelationshipTypeStore v0.A.5
2018-02-15 17:53:33.553+0000 INFO  [o.n.k.i.DiagnosticsManager]:   LabelTokenStore v0.A.5
2018-02-15 17:53:33.553+0000 INFO  [o.n.k.i.DiagnosticsManager]:   PropertyStore v0.A.5
2018-02-15 17:53:33.553+0000 INFO  [o.n.k.i.DiagnosticsManager]:   PropertyIndexStore v0.A.5
2018-02-15 17:53:33.553+0000 INFO  [o.n.k.i.DiagnosticsManager]:   StringPropertyStore v0.A.5
2018-02-15 17:53:33.553+0000 INFO  [o.n.k.i.DiagnosticsManager]:   ArrayPropertyStore v0.A.5
2018-02-15 17:53:33.553+0000 INFO  [o.n.k.i.DiagnosticsManager]:   RelationshipGroupStore v0.A.5
2018-02-15 17:53:33.553+0000 INFO  [o.n.k.i.DiagnosticsManager]: --- STARTED diagnostics for NEO_STORE_VERSIONS END ---
2018-02-15 17:53:33.553+0000 INFO  [o.n.k.i.DiagnosticsManager]: --- STARTED diagnostics for NEO_STORE_ID_USAGE START ---
2018-02-15 17:53:33.553+0000 INFO  [o.n.k.i.DiagnosticsManager]: Id usage:
2018-02-15 17:53:33.553+0000 INFO  [o.n.k.i.DiagnosticsManager]: Id usage:
2018-02-15 17:53:33.553+0000 INFO  [o.n.k.i.DiagnosticsManager]:   SchemaStore: used=1 high=0
2018-02-15 17:53:33.553+0000 INFO  [o.n.k.i.DiagnosticsManager]:   NodeStore: used=0 high=-1
2018-02-15 17:53:33.553+0000 INFO  [o.n.k.i.DiagnosticsManager]:   RelationshipStore: used=0 high=-1
2018-02-15 17:53:33.553+0000 INFO  [o.n.k.i.DiagnosticsManager]:   RelationshipTypeStore: used=0 high=-1
2018-02-15 17:53:33.553+0000 INFO  [o.n.k.i.DiagnosticsManager]:   LabelTokenStore: used=0 high=-1
2018-02-15 17:53:33.554+0000 INFO  [o.n.k.i.DiagnosticsManager]:   PropertyStore: used=0 high=-1
2018-02-15 17:53:33.554+0000 INFO  [o.n.k.i.DiagnosticsManager]:   PropertyIndexStore: used=0 high=-1
2018-02-15 17:53:33.554+0000 INFO  [o.n.k.i.DiagnosticsManager]:   StringPropertyStore: used=1 high=0
2018-02-15 17:53:33.554+0000 INFO  [o.n.k.i.DiagnosticsManager]:   ArrayPropertyStore: used=1 high=0
2018-02-15 17:53:33.554+0000 INFO  [o.n.k.i.DiagnosticsManager]:   RelationshipGroupStore: used=1 high=0
2018-02-15 17:53:33.554+0000 INFO  [o.n.k.i.DiagnosticsManager]: --- STARTED diagnostics for NEO_STORE_ID_USAGE END ---
2018-02-15 17:53:33.554+0000 INFO  [o.n.k.i.DiagnosticsManager]: --- STARTED diagnostics for KernelDiagnostics:StoreFiles START ---
2018-02-15 17:53:33.554+0000 INFO  [o.n.k.i.DiagnosticsManager]: Disk space on partition (Total / Free / Free %): 94727307264 / 65972338688 / 69
Storage files: (filename : modification date - size)
2018-02-15 17:53:33.555+0000 INFO  [o.n.k.i.DiagnosticsManager]:   index:
2018-02-15 17:53:33.555+0000 INFO  [o.n.k.i.DiagnosticsManager]:   - Total: 2018-02-15T23:23:30+0530 - 0.00 B
2018-02-15 17:53:33.555+0000 INFO  [o.n.k.i.DiagnosticsManager]:   lock: 2018-02-15T23:23:33+0530 - 0.00 B
2018-02-15 17:53:33.555+0000 INFO  [o.n.k.i.DiagnosticsManager]:   messages.log: 2018-02-15T23:23:33+0530 - 32.70 kB
2018-02-15 17:53:33.556+0000 INFO  [o.n.k.i.DiagnosticsManager]:   neostore: 2018-02-15T23:23:33+0530 - 99.00 B
2018-02-15 17:53:33.556+0000 INFO  [o.n.k.i.DiagnosticsManager]:   neostore.counts.db.a: 2018-02-15T23:23:33+0530 - 114.00 B
2018-02-15 17:53:33.556+0000 INFO  [o.n.k.i.DiagnosticsManager]:   neostore.id: 2018-02-15T23:23:33+0530 - 9.00 B
2018-02-15 17:53:33.556+0000 INFO  [o.n.k.i.DiagnosticsManager]:   neostore.labeltokenstore.db: 2018-02-15T23:23:33+0530 - 0.00 B
2018-02-15 17:53:33.556+0000 INFO  [o.n.k.i.DiagnosticsManager]:   neostore.labeltokenstore.db.id: 2018-02-15T23:23:33+0530 - 9.00 B
2018-02-15 17:53:33.556+0000 INFO  [o.n.k.i.DiagnosticsManager]:   neostore.labeltokenstore.db.names: 2018-02-15T23:23:33+0530 - 38.00 B
2018-02-15 17:53:33.556+0000 INFO  [o.n.k.i.DiagnosticsManager]:   neostore.labeltokenstore.db.names.id: 2018-02-15T23:23:33+0530 - 9.00 B
2018-02-15 17:53:33.557+0000 INFO  [o.n.k.i.DiagnosticsManager]:   neostore.nodestore.db: 2018-02-15T23:23:33+0530 - 0.00 B
2018-02-15 17:53:33.557+0000 INFO  [o.n.k.i.DiagnosticsManager]:   neostore.nodestore.db.id: 2018-02-15T23:23:33+0530 - 9.00 B
2018-02-15 17:53:33.557+0000 INFO  [o.n.k.i.DiagnosticsManager]:   neostore.nodestore.db.labels: 2018-02-15T23:23:33+0530 - 68.00 B
2018-02-15 17:53:33.557+0000 INFO  [o.n.k.i.DiagnosticsManager]:   neostore.nodestore.db.labels.id: 2018-02-15T23:23:33+0530 - 9.00 B
2018-02-15 17:53:33.557+0000 INFO  [o.n.k.i.DiagnosticsManager]:   neostore.propertystore.db: 2018-02-15T23:23:33+0530 - 0.00 B
2018-02-15 17:53:33.557+0000 INFO  [o.n.k.i.DiagnosticsManager]:   neostore.propertystore.db.arrays: 2018-02-15T23:23:33+0530 - 128.00 B
2018-02-15 17:53:33.557+0000 INFO  [o.n.k.i.DiagnosticsManager]:   neostore.propertystore.db.arrays.id: 2018-02-15T23:23:33+0530 - 9.00 B
2018-02-15 17:53:33.558+0000 INFO  [o.n.k.i.DiagnosticsManager]:   neostore.propertystore.db.id: 2018-02-15T23:23:33+0530 - 9.00 B
2018-02-15 17:53:33.558+0000 INFO  [o.n.k.i.DiagnosticsManager]:   neostore.propertystore.db.index: 2018-02-15T23:23:33+0530 - 0.00 B
2018-02-15 17:53:33.558+0000 INFO  [o.n.k.i.DiagnosticsManager]:   neostore.propertystore.db.index.id: 2018-02-15T23:23:33+0530 - 9.00 B
2018-02-15 17:53:33.558+0000 INFO  [o.n.k.i.DiagnosticsManager]:   neostore.propertystore.db.index.keys: 2018-02-15T23:23:33+0530 - 38.00 B
2018-02-15 17:53:33.558+0000 INFO  [o.n.k.i.DiagnosticsManager]:   neostore.propertystore.db.index.keys.id: 2018-02-15T23:23:33+0530 - 9.00 B
2018-02-15 17:53:33.558+0000 INFO  [o.n.k.i.DiagnosticsManager]:   neostore.propertystore.db.strings: 2018-02-15T23:23:33+0530 - 128.00 B
2018-02-15 17:53:33.558+0000 INFO  [o.n.k.i.DiagnosticsManager]:   neostore.propertystore.db.strings.id: 2018-02-15T23:23:33+0530 - 9.00 B
2018-02-15 17:53:33.559+0000 INFO  [o.n.k.i.DiagnosticsManager]:   neostore.relationshipgroupstore.db: 2018-02-15T23:23:33+0530 - 25.00 B
2018-02-15 17:53:33.559+0000 INFO  [o.n.k.i.DiagnosticsManager]:   neostore.relationshipgroupstore.db.id: 2018-02-15T23:23:33+0530 - 9.00 B
2018-02-15 17:53:33.559+0000 INFO  [o.n.k.i.DiagnosticsManager]:   neostore.relationshipstore.db: 2018-02-15T23:23:33+0530 - 0.00 B
2018-02-15 17:53:33.559+0000 INFO  [o.n.k.i.DiagnosticsManager]:   neostore.relationshipstore.db.id: 2018-02-15T23:23:33+0530 - 9.00 B
2018-02-15 17:53:33.559+0000 INFO  [o.n.k.i.DiagnosticsManager]:   neostore.relationshiptypestore.db: 2018-02-15T23:23:33+0530 - 0.00 B
2018-02-15 17:53:33.559+0000 INFO  [o.n.k.i.DiagnosticsManager]:   neostore.relationshiptypestore.db.id: 2018-02-15T23:23:33+0530 - 9.00 B
2018-02-15 17:53:33.559+0000 INFO  [o.n.k.i.DiagnosticsManager]:   neostore.relationshiptypestore.db.names: 2018-02-15T23:23:33+0530 - 38.00 B
2018-02-15 17:53:33.560+0000 INFO  [o.n.k.i.DiagnosticsManager]:   neostore.relationshiptypestore.db.names.id: 2018-02-15T23:23:33+0530 - 9.00 B
2018-02-15 17:53:33.560+0000 INFO  [o.n.k.i.DiagnosticsManager]:   neostore.schemastore.db: 2018-02-15T23:23:33+0530 - 64.00 B
2018-02-15 17:53:33.560+0000 INFO  [o.n.k.i.DiagnosticsManager]:   neostore.schemastore.db.id: 2018-02-15T23:23:33+0530 - 9.00 B
2018-02-15 17:53:33.560+0000 INFO  [o.n.k.i.DiagnosticsManager]:   neostore.transaction.db.0: 2018-02-15T23:23:33+0530 - 16.00 B
2018-02-15 17:53:33.560+0000 INFO  [o.n.k.i.DiagnosticsManager]:   schema:
2018-02-15 17:53:33.560+0000 INFO  [o.n.k.i.DiagnosticsManager]:     label:
2018-02-15 17:53:33.560+0000 INFO  [o.n.k.i.DiagnosticsManager]:       lucene:
2018-02-15 17:53:33.560+0000 INFO  [o.n.k.i.DiagnosticsManager]:         write.lock: 2018-02-15T23:23:33+0530 - 0.00 B
2018-02-15 17:53:33.560+0000 INFO  [o.n.k.i.DiagnosticsManager]:       - Total: 2018-02-15T23:23:33+0530 - 0.00 B
2018-02-15 17:53:33.560+0000 INFO  [o.n.k.i.DiagnosticsManager]:     - Total: 2018-02-15T23:23:33+0530 - 0.00 B
2018-02-15 17:53:33.561+0000 INFO  [o.n.k.i.DiagnosticsManager]:   - Total: 2018-02-15T23:23:33+0530 - 0.00 B
2018-02-15 17:53:33.561+0000 INFO  [o.n.k.i.DiagnosticsManager]:   store_lock: 2018-02-15T23:23:30+0530 - 0.00 B
2018-02-15 17:53:33.561+0000 INFO  [o.n.k.i.DiagnosticsManager]: --- STARTED diagnostics for KernelDiagnostics:StoreFiles END ---
2018-02-15 17:53:33.586+0000 INFO  [o.n.k.EmbeddedGraphDatabase]: Database is now ready
2018-02-15 17:53:33.586+0000 INFO  [o.n.s.d.LifecycleManagingDatabase]: Successfully started database
2018-02-15 17:53:33.587+0000 INFO  [o.n.k.EmbeddedGraphDatabase]: Shutdown started
2018-02-15 17:53:33.587+0000 INFO  [o.n.k.EmbeddedGraphDatabase]: Database is now unavailable
2018-02-15 17:53:34.577+0000 INFO  [o.n.k.NeoStoreDataSource]: NeoStore closed
2018-02-15 17:53:34.577+0000 INFO  [o.n.k.i.DiagnosticsManager]: --- STOPPING diagnostics START ---
2018-02-15 17:53:34.577+0000 INFO  [o.n.k.i.DiagnosticsManager]: --- STOPPING diagnostics END ---
2018-02-15 17:53:34.581+0000 INFO  [o.n.s.d.LifecycleManagingDatabase]: Successfully stopped database
2018-02-15 17:53:34.581+0000 INFO  [o.n.s.CommunityNeoServer]: Successfully shutdown Neo4j Server.
2018-02-15 17:53:34.584+0000 ERROR [o.n.s.CommunityBootstrapper]: Failed to start Neo Server on port [7474]
org.neo4j.server.ServerStartupException: Starting Neo4j Server failed: Component 'org.neo4j.server.security.auth.FileUserRepository@30e9e3ce' was successfully initialized, but failed to start. Please see attached cause exception.
	at org.neo4j.server.AbstractNeoServer.start(AbstractNeoServer.java:258) ~[neo4j-server-2.2.3.jar:2.2.3]
	at org.neo4j.server.Bootstrapper.start(Bootstrapper.java:117) [neo4j-server-2.2.3.jar:2.2.3]
	at org.neo4j.server.Bootstrapper.main(Bootstrapper.java:69) [neo4j-server-2.2.3.jar:2.2.3]
Caused by: org.neo4j.kernel.lifecycle.LifecycleException: Component 'org.neo4j.server.security.auth.FileUserRepository@30e9e3ce' was successfully initialized, but failed to start. Please see attached cause exception.
	at org.neo4j.kernel.lifecycle.LifeSupport$LifecycleInstance.start(LifeSupport.java:513) ~[neo4j-kernel-2.2.3.jar:2.2.3]
	at org.neo4j.kernel.lifecycle.LifeSupport.start(LifeSupport.java:115) ~[neo4j-kernel-2.2.3.jar:2.2.3]
	at org.neo4j.server.AbstractNeoServer.start(AbstractNeoServer.java:203) ~[neo4j-server-2.2.3.jar:2.2.3]
	... 2 common frames omitted
Caused by: java.nio.file.AccessDeniedException: /mnt/production/physicianhub/neo4j/data/dbms/auth
	at sun.nio.fs.UnixException.translateToIOException(UnixException.java:84) ~[na:1.8.0_151]
	at sun.nio.fs.UnixException.rethrowAsIOException(UnixException.java:102) ~[na:1.8.0_151]
	at sun.nio.fs.UnixException.rethrowAsIOException(UnixException.java:107) ~[na:1.8.0_151]
	at sun.nio.fs.UnixFileSystemProvider.newByteChannel(UnixFileSystemProvider.java:214) ~[na:1.8.0_151]
	at java.nio.file.Files.newByteChannel(Files.java:361) ~[na:1.8.0_151]
	at java.nio.file.Files.newByteChannel(Files.java:407) ~[na:1.8.0_151]
	at java.nio.file.Files.readAllBytes(Files.java:3152) ~[na:1.8.0_151]
	at org.neo4j.server.security.auth.FileUserRepository.loadUsersFromFile(FileUserRepository.java:209) ~[neo4j-server-2.2.3.jar:2.2.3]
	at org.neo4j.server.security.auth.FileUserRepository.start(FileUserRepository.java:74) ~[neo4j-server-2.2.3.jar:2.2.3]
	at org.neo4j.kernel.lifecycle.LifeSupport$LifecycleInstance.start(LifeSupport.java:507) ~[neo4j-kernel-2.2.3.jar:2.2.3]
	... 4 common frames omitted
